Flow report for FinalYearProject
Tue May 26 10:33:35 2020
Quartus Prime Version 18.1.0 Build 625 09/12/2018 SJ Lite Edition


---------------------
; Table of Contents ;
---------------------
  1. Legal Notice
  2. Flow Summary
  3. Flow Settings
  4. Flow Non-Default Global Settings
  5. Flow Elapsed Time
  6. Flow OS Summary
  7. Flow Log
  8. Flow Messages
  9. Flow Suppressed Messages



----------------
; Legal Notice ;
----------------
Copyright (C) 2018  Intel Corporation. All rights reserved.
Your use of Intel Corporation's design tools, logic functions 
and other software and tools, and its AMPP partner logic 
functions, and any output files from any of the foregoing 
(including device programming or simulation files), and any 
associated documentation or information are expressly subject 
to the terms and conditions of the Intel Program License 
Subscription Agreement, the Intel Quartus Prime License Agreement,
the Intel FPGA IP License Agreement, or other applicable license
agreement, including, without limitation, that your use is for
the sole purpose of programming logic devices manufactured by
Intel and sold by Intel or its authorized distributors.  Please
refer to the applicable agreement for further details.



+----------------------------------------------------------------------------------+
; Flow Summary                                                                     ;
+------------------------------------+---------------------------------------------+
; Flow Status                        ; Successful - Tue May 26 10:33:35 2020       ;
; Quartus Prime Version              ; 18.1.0 Build 625 09/12/2018 SJ Lite Edition ;
; Revision Name                      ; FinalYearProject                            ;
; Top-level Entity Name              ; QSPI_Buffer_Controller                      ;
; Family                             ; Cyclone IV E                                ;
; Device                             ; EP4CE22F17C6                                ;
; Timing Models                      ; Final                                       ;
; Total logic elements               ; 5,496 / 22,320 ( 25 % )                     ;
;     Total combinational functions  ; 3,394 / 22,320 ( 15 % )                     ;
;     Dedicated logic registers      ; 4,196 / 22,320 ( 19 % )                     ;
; Total registers                    ; 4196                                        ;
; Total pins                         ; 40 / 154 ( 26 % )                           ;
; Total virtual pins                 ; 0                                           ;
; Total memory bits                  ; 0 / 608,256 ( 0 % )                         ;
; Embedded Multiplier 9-bit elements ; 0 / 132 ( 0 % )                             ;
; Total PLLs                         ; 0 / 4 ( 0 % )                               ;
+------------------------------------+---------------------------------------------+


+-----------------------------------------+
; Flow Settings                           ;
+-------------------+---------------------+
; Option            ; Setting             ;
+-------------------+---------------------+
; Start date & time ; 05/26/2020 10:31:54 ;
; Main task         ; Compilation         ;
; Revision Name     ; FinalYearProject    ;
+-------------------+---------------------+


+----------------------------------------------------------------------------------------------------------------------------------------------------------------------+
; Flow Non-Default Global Settings                                                                                                                                     ;
+----------------------------------------+------------------------------------------------+------------------+------------------------+--------------------------------+
; Assignment Name                        ; Value                                          ; Default Value    ; Entity Name            ; Section Id                     ;
+----------------------------------------+------------------------------------------------+------------------+------------------------+--------------------------------+
; COMPILER_SIGNATURE_ID                  ; 38917505025.159048551309516                    ; --               ; --                     ; --                             ;
; EDA_DESIGN_INSTANCE_NAME               ; i1                                             ; --               ; --                     ; QSPI_Slave_Controller_vhd_tst  ;
; EDA_DESIGN_INSTANCE_NAME               ; i1                                             ; --               ; --                     ; QSPI_Buffer_Controller_vhd_tst ;
; EDA_DESIGN_INSTANCE_NAME               ; i1                                             ; --               ; --                     ; Live_Buffer_vhd_tst            ;
; EDA_DESIGN_INSTANCE_NAME               ; i1                                             ; --               ; --                     ; Back_Buffer_vhd_tst            ;
; EDA_DESIGN_INSTANCE_NAME               ; i1                                             ; --               ; --                     ; VGA_Controller_vhd_tst         ;
; EDA_NATIVELINK_SIMULATION_SETUP_SCRIPT ; simulation/modelsim/QSPIBufferConTestbench.do  ; --               ; --                     ; eda_simulation                 ;
; EDA_NATIVELINK_SIMULATION_TEST_BENCH   ; QSPI_Buffer_Controller_vhd_tst                 ; --               ; --                     ; eda_simulation                 ;
; EDA_OUTPUT_DATA_FORMAT                 ; Vhdl                                           ; --               ; --                     ; eda_simulation                 ;
; EDA_SIMULATION_TOOL                    ; ModelSim-Altera (VHDL)                         ; <None>           ; --                     ; --                             ;
; EDA_TEST_BENCH_ENABLE_STATUS           ; TEST_BENCH_MODE                                ; --               ; --                     ; eda_simulation                 ;
; EDA_TEST_BENCH_FILE                    ; simulation/modelsim/QSPI_Slave_Controller.vht  ; --               ; --                     ; QSPI_Slave_Controller_vhd_tst  ;
; EDA_TEST_BENCH_FILE                    ; simulation/modelsim/QSPI_Buffer_Controller.vht ; --               ; --                     ; QSPI_Buffer_Controller_vhd_tst ;
; EDA_TEST_BENCH_FILE                    ; simulation/modelsim/Live_Buffer.vht            ; --               ; --                     ; Live_Buffer_vhd_tst            ;
; EDA_TEST_BENCH_FILE                    ; simulation/modelsim/Back_Buffer.vht            ; --               ; --                     ; Back_Buffer_vhd_tst            ;
; EDA_TEST_BENCH_FILE                    ; simulation/modelsim/VGA_Controller.vht         ; --               ; --                     ; VGA_Controller_vhd_tst         ;
; EDA_TEST_BENCH_MODULE_NAME             ; QSPI_Slave_Controller_vhd_tst                  ; --               ; --                     ; QSPI_Slave_Controller_vhd_tst  ;
; EDA_TEST_BENCH_MODULE_NAME             ; QSPI_Buffer_Controller_vhd_tst                 ; --               ; --                     ; QSPI_Buffer_Controller_vhd_tst ;
; EDA_TEST_BENCH_MODULE_NAME             ; Live_Buffer_vhd_tst                            ; --               ; --                     ; Live_Buffer_vhd_tst            ;
; EDA_TEST_BENCH_MODULE_NAME             ; Back_Buffer_vhd_tst                            ; --               ; --                     ; Back_Buffer_vhd_tst            ;
; EDA_TEST_BENCH_MODULE_NAME             ; VGA_Controller_vhd_tst                         ; --               ; --                     ; VGA_Controller_vhd_tst         ;
; EDA_TEST_BENCH_NAME                    ; VGA_Controller_vhd_tst                         ; --               ; --                     ; eda_simulation                 ;
; EDA_TEST_BENCH_NAME                    ; Live_Buffer_vhd_tst                            ; --               ; --                     ; eda_simulation                 ;
; EDA_TEST_BENCH_NAME                    ; QSPI_Buffer_Controller_vhd_tst                 ; --               ; --                     ; eda_simulation                 ;
; EDA_TEST_BENCH_NAME                    ; Back_Buffer_vhd_tst                            ; --               ; --                     ; eda_simulation                 ;
; EDA_TEST_BENCH_NAME                    ; QSPI_Slave_Controller_vhd_tst                  ; --               ; --                     ; eda_simulation                 ;
; EDA_TIME_SCALE                         ; 1 ps                                           ; --               ; --                     ; eda_simulation                 ;
; MAX_CORE_JUNCTION_TEMP                 ; 85                                             ; --               ; --                     ; --                             ;
; MIN_CORE_JUNCTION_TEMP                 ; 0                                              ; --               ; --                     ; --                             ;
; MISC_FILE                              ; PLL.bsf                                        ; --               ; --                     ; --                             ;
; MISC_FILE                              ; PLL_inst.v                                     ; --               ; --                     ; --                             ;
; MISC_FILE                              ; PLL_bb.v                                       ; --               ; --                     ; --                             ;
; MISC_FILE                              ; PLL.cmp                                        ; --               ; --                     ; --                             ;
; MISC_FILE                              ; PLL.ppf                                        ; --               ; --                     ; --                             ;
; NOMINAL_CORE_SUPPLY_VOLTAGE            ; 1.2V                                           ; --               ; --                     ; --                             ;
; PARTITION_COLOR                        ; -- (Not supported for targeted family)         ; --               ; QSPI_Buffer_Controller ; Top                            ;
; PARTITION_FITTER_PRESERVATION_LEVEL    ; -- (Not supported for targeted family)         ; --               ; QSPI_Buffer_Controller ; Top                            ;
; PARTITION_NETLIST_TYPE                 ; -- (Not supported for targeted family)         ; --               ; QSPI_Buffer_Controller ; Top                            ;
; POWER_BOARD_THERMAL_MODEL              ; None (CONSERVATIVE)                            ; --               ; --                     ; --                             ;
; POWER_PRESET_COOLING_SOLUTION          ; 23 MM HEAT SINK WITH 200 LFPM AIRFLOW          ; --               ; --                     ; --                             ;
; PROJECT_OUTPUT_DIRECTORY               ; output_files                                   ; --               ; --                     ; --                             ;
; TOP_LEVEL_ENTITY                       ; QSPI_Buffer_Controller                         ; FinalYearProject ; --                     ; --                             ;
+----------------------------------------+------------------------------------------------+------------------+------------------------+--------------------------------+


+--------------------------------------------------------------------------------------------------------------------------+
; Flow Elapsed Time                                                                                                        ;
+----------------------+--------------+-------------------------+---------------------+------------------------------------+
; Module Name          ; Elapsed Time ; Average Processors Used ; Peak Virtual Memory ; Total CPU Time (on all processors) ;
+----------------------+--------------+-------------------------+---------------------+------------------------------------+
; Analysis & Synthesis ; 00:00:26     ; 1.0                     ; 4831 MB             ; 00:00:43                           ;
; Fitter               ; 00:00:53     ; 1.0                     ; 5397 MB             ; 00:01:08                           ;
; Assembler            ; 00:00:02     ; 1.0                     ; 4696 MB             ; 00:00:02                           ;
; Timing Analyzer      ; 00:00:05     ; 1.1                     ; 4810 MB             ; 00:00:05                           ;
; EDA Netlist Writer   ; 00:00:10     ; 1.0                     ; 4689 MB             ; 00:00:06                           ;
; Total                ; 00:01:36     ; --                      ; --                  ; 00:02:04                           ;
+----------------------+--------------+-------------------------+---------------------+------------------------------------+


+------------------------------------------------------------------------------------+
; Flow OS Summary                                                                    ;
+----------------------+------------------+------------+------------+----------------+
; Module Name          ; Machine Hostname ; OS Name    ; OS Version ; Processor type ;
+----------------------+------------------+------------+------------+----------------+
; Analysis & Synthesis ; DESKTOP-SDGU70M  ; Windows 10 ; 10.0       ; x86_64         ;
; Fitter               ; DESKTOP-SDGU70M  ; Windows 10 ; 10.0       ; x86_64         ;
; Assembler            ; DESKTOP-SDGU70M  ; Windows 10 ; 10.0       ; x86_64         ;
; Timing Analyzer      ; DESKTOP-SDGU70M  ; Windows 10 ; 10.0       ; x86_64         ;
; EDA Netlist Writer   ; DESKTOP-SDGU70M  ; Windows 10 ; 10.0       ; x86_64         ;
+----------------------+------------------+------------+------------+----------------+


------------
; Flow Log ;
------------
quartus_map --read_settings_files=on --write_settings_files=off FinalYearProject -c FinalYearProject
quartus_fit --read_settings_files=off --write_settings_files=off FinalYearProject -c FinalYearProject
quartus_asm --read_settings_files=off --write_settings_files=off FinalYearProject -c FinalYearProject
quartus_sta FinalYearProject -c FinalYearProject
quartus_eda --read_settings_files=off --write_settings_files=off FinalYearProject -c FinalYearProject



