Analysis & Synthesis report for FinalYearProject
Tue May 26 10:32:20 2020
Quartus Prime Version 18.1.0 Build 625 09/12/2018 SJ Lite Edition


---------------------
; Table of Contents ;
---------------------
  1. Legal Notice
  2. Analysis & Synthesis Summary
  3. Analysis & Synthesis Settings
  4. Parallel Compilation
  5. Analysis & Synthesis Source Files Read
  6. Analysis & Synthesis Resource Usage Summary
  7. Analysis & Synthesis Resource Utilization by Entity
  8. State Machine - |QSPI_Buffer_Controller|S_State
  9. Registers Removed During Synthesis
 10. General Register Statistics
 11. Multiplexer Restructuring Statistics (Restructuring Performed)
 12. Post-Synthesis Netlist Statistics for Top Partition
 13. Elapsed Time Per Partition
 14. Analysis & Synthesis Messages



----------------
; Legal Notice ;
----------------
Copyright (C) 2018  Intel Corporation. All rights reserved.
Your use of Intel Corporation's design tools, logic functions 
and other software and tools, and its AMPP partner logic 
functions, and any output files from any of the foregoing 
(including device programming or simulation files), and any 
associated documentation or information are expressly subject 
to the terms and conditions of the Intel Program License 
Subscription Agreement, the Intel Quartus Prime License Agreement,
the Intel FPGA IP License Agreement, or other applicable license
agreement, including, without limitation, that your use is for
the sole purpose of programming logic devices manufactured by
Intel and sold by Intel or its authorized distributors.  Please
refer to the applicable agreement for further details.



+----------------------------------------------------------------------------------+
; Analysis & Synthesis Summary                                                     ;
+------------------------------------+---------------------------------------------+
; Analysis & Synthesis Status        ; Successful - Tue May 26 10:32:20 2020       ;
; Quartus Prime Version              ; 18.1.0 Build 625 09/12/2018 SJ Lite Edition ;
; Revision Name                      ; FinalYearProject                            ;
; Top-level Entity Name              ; QSPI_Buffer_Controller                      ;
; Family                             ; Cyclone IV E                                ;
; Total logic elements               ; 7,511                                       ;
;     Total combinational functions  ; 3,394                                       ;
;     Dedicated logic registers      ; 4,196                                       ;
; Total registers                    ; 4196                                        ;
; Total pins                         ; 40                                          ;
; Total virtual pins                 ; 0                                           ;
; Total memory bits                  ; 0                                           ;
; Embedded Multiplier 9-bit elements ; 0                                           ;
; Total PLLs                         ; 0                                           ;
+------------------------------------+---------------------------------------------+


+----------------------------------------------------------------------------------------------------------------+
; Analysis & Synthesis Settings                                                                                  ;
+------------------------------------------------------------------+------------------------+--------------------+
; Option                                                           ; Setting                ; Default Value      ;
+------------------------------------------------------------------+------------------------+--------------------+
; Device                                                           ; EP4CE22F17C6           ;                    ;
; Top-level entity name                                            ; QSPI_Buffer_Controller ; FinalYearProject   ;
; Family name                                                      ; Cyclone IV E           ; Cyclone V          ;
; Use smart compilation                                            ; Off                    ; Off                ;
; Enable parallel Assembler and Timing Analyzer during compilation ; On                     ; On                 ;
; Enable compact report table                                      ; Off                    ; Off                ;
; Restructure Multiplexers                                         ; Auto                   ; Auto               ;
; Create Debugging Nodes for IP Cores                              ; Off                    ; Off                ;
; Preserve fewer node names                                        ; On                     ; On                 ;
; Intel FPGA IP Evaluation Mode                                    ; Enable                 ; Enable             ;
; Verilog Version                                                  ; Verilog_2001           ; Verilog_2001       ;
; VHDL Version                                                     ; VHDL_1993              ; VHDL_1993          ;
; State Machine Processing                                         ; Auto                   ; Auto               ;
; Safe State Machine                                               ; Off                    ; Off                ;
; Extract Verilog State Machines                                   ; On                     ; On                 ;
; Extract VHDL State Machines                                      ; On                     ; On                 ;
; Ignore Verilog initial constructs                                ; Off                    ; Off                ;
; Iteration limit for constant Verilog loops                       ; 5000                   ; 5000               ;
; Iteration limit for non-constant Verilog loops                   ; 250                    ; 250                ;
; Add Pass-Through Logic to Inferred RAMs                          ; On                     ; On                 ;
; Infer RAMs from Raw Logic                                        ; On                     ; On                 ;
; Parallel Synthesis                                               ; On                     ; On                 ;
; DSP Block Balancing                                              ; Auto                   ; Auto               ;
; NOT Gate Push-Back                                               ; On                     ; On                 ;
; Power-Up Don't Care                                              ; On                     ; On                 ;
; Remove Redundant Logic Cells                                     ; Off                    ; Off                ;
; Remove Duplicate Registers                                       ; On                     ; On                 ;
; Ignore CARRY Buffers                                             ; Off                    ; Off                ;
; Ignore CASCADE Buffers                                           ; Off                    ; Off                ;
; Ignore GLOBAL Buffers                                            ; Off                    ; Off                ;
; Ignore ROW GLOBAL Buffers                                        ; Off                    ; Off                ;
; Ignore LCELL Buffers                                             ; Off                    ; Off                ;
; Ignore SOFT Buffers                                              ; On                     ; On                 ;
; Limit AHDL Integers to 32 Bits                                   ; Off                    ; Off                ;
; Optimization Technique                                           ; Balanced               ; Balanced           ;
; Carry Chain Length                                               ; 70                     ; 70                 ;
; Auto Carry Chains                                                ; On                     ; On                 ;
; Auto Open-Drain Pins                                             ; On                     ; On                 ;
; Perform WYSIWYG Primitive Resynthesis                            ; Off                    ; Off                ;
; Auto ROM Replacement                                             ; On                     ; On                 ;
; Auto RAM Replacement                                             ; On                     ; On                 ;
; Auto DSP Block Replacement                                       ; On                     ; On                 ;
; Auto Shift Register Replacement                                  ; Auto                   ; Auto               ;
; Allow Shift Register Merging across Hierarchies                  ; Auto                   ; Auto               ;
; Auto Clock Enable Replacement                                    ; On                     ; On                 ;
; Strict RAM Replacement                                           ; Off                    ; Off                ;
; Allow Synchronous Control Signals                                ; On                     ; On                 ;
; Force Use of Synchronous Clear Signals                           ; Off                    ; Off                ;
; Auto RAM Block Balancing                                         ; On                     ; On                 ;
; Auto RAM to Logic Cell Conversion                                ; Off                    ; Off                ;
; Auto Resource Sharing                                            ; Off                    ; Off                ;
; Allow Any RAM Size For Recognition                               ; Off                    ; Off                ;
; Allow Any ROM Size For Recognition                               ; Off                    ; Off                ;
; Allow Any Shift Register Size For Recognition                    ; Off                    ; Off                ;
; Use LogicLock Constraints during Resource Balancing              ; On                     ; On                 ;
; Ignore translate_off and synthesis_off directives                ; Off                    ; Off                ;
; Timing-Driven Synthesis                                          ; On                     ; On                 ;
; Report Parameter Settings                                        ; On                     ; On                 ;
; Report Source Assignments                                        ; On                     ; On                 ;
; Report Connectivity Checks                                       ; On                     ; On                 ;
; Ignore Maximum Fan-Out Assignments                               ; Off                    ; Off                ;
; Synchronization Register Chain Length                            ; 2                      ; 2                  ;
; Power Optimization During Synthesis                              ; Normal compilation     ; Normal compilation ;
; HDL message level                                                ; Level2                 ; Level2             ;
; Suppress Register Optimization Related Messages                  ; Off                    ; Off                ;
; Number of Removed Registers Reported in Synthesis Report         ; 5000                   ; 5000               ;
; Number of Swept Nodes Reported in Synthesis Report               ; 5000                   ; 5000               ;
; Number of Inverted Registers Reported in Synthesis Report        ; 100                    ; 100                ;
; Clock MUX Protection                                             ; On                     ; On                 ;
; Auto Gated Clock Conversion                                      ; Off                    ; Off                ;
; Block Design Naming                                              ; Auto                   ; Auto               ;
; SDC constraint protection                                        ; Off                    ; Off                ;
; Synthesis Effort                                                 ; Auto                   ; Auto               ;
; Shift Register Replacement - Allow Asynchronous Clear Signal     ; On                     ; On                 ;
; Pre-Mapping Resynthesis Optimization                             ; Off                    ; Off                ;
; Analysis & Synthesis Message Level                               ; Medium                 ; Medium             ;
; Disable Register Merging Across Hierarchies                      ; Auto                   ; Auto               ;
; Resource Aware Inference For Block RAM                           ; On                     ; On                 ;
+------------------------------------------------------------------+------------------------+--------------------+


+------------------------------------------+
; Parallel Compilation                     ;
+----------------------------+-------------+
; Processors                 ; Number      ;
+----------------------------+-------------+
; Number detected on machine ; 4           ;
; Maximum allowed            ; 2           ;
;                            ;             ;
; Average used               ; 1.00        ;
; Maximum used               ; 2           ;
;                            ;             ;
; Usage by Processor         ; % Time Used ;
;     Processor 1            ; 100.0%      ;
;     Processor 2            ;   0.2%      ;
+----------------------------+-------------+


+----------------------------------------------------------------------------------------------------------------------------------------------------------------------------------+
; Analysis & Synthesis Source Files Read                                                                                                                                           ;
+----------------------------------+-----------------+-----------------+-------------------------------------------------------------------------------------------------+---------+
; File Name with User-Entered Path ; Used in Netlist ; File Type       ; File Name with Absolute Path                                                                    ; Library ;
+----------------------------------+-----------------+-----------------+-------------------------------------------------------------------------------------------------+---------+
; QSPI_Buffer_Controller.vhd       ; yes             ; User VHDL File  ; C:/Users/ZackB/Documents/FinalYearProject/FPGA Display/FPGA Firmware/QSPI_Buffer_Controller.vhd ;         ;
+----------------------------------+-----------------+-----------------+-------------------------------------------------------------------------------------------------+---------+


+--------------------------------------------------------------+
; Analysis & Synthesis Resource Usage Summary                  ;
+---------------------------------------------+----------------+
; Resource                                    ; Usage          ;
+---------------------------------------------+----------------+
; Estimated Total logic elements              ; 7,511          ;
;                                             ;                ;
; Total combinational functions               ; 3394           ;
; Logic element usage by number of LUT inputs ;                ;
;     -- 4 input functions                    ; 3315           ;
;     -- 3 input functions                    ; 11             ;
;     -- <=2 input functions                  ; 68             ;
;                                             ;                ;
; Logic elements by mode                      ;                ;
;     -- normal mode                          ; 3332           ;
;     -- arithmetic mode                      ; 62             ;
;                                             ;                ;
; Total registers                             ; 4196           ;
;     -- Dedicated logic registers            ; 4196           ;
;     -- I/O registers                        ; 0              ;
;                                             ;                ;
; I/O pins                                    ; 40             ;
;                                             ;                ;
; Embedded Multiplier 9-bit elements          ; 0              ;
;                                             ;                ;
; Maximum fan-out node                        ; QSPI_CLK~input ;
; Maximum fan-out                             ; 4163           ;
; Total fan-out                               ; 26058          ;
; Average fan-out                             ; 3.40           ;
+---------------------------------------------+----------------+


+-------------------------------------------------------------------------------------------------------------------------------------------------------------------------------------------------------------------------+
; Analysis & Synthesis Resource Utilization by Entity                                                                                                                                                                     ;
+----------------------------+---------------------+---------------------------+-------------+--------------+---------+-----------+------+--------------+-------------------------+------------------------+--------------+
; Compilation Hierarchy Node ; Combinational ALUTs ; Dedicated Logic Registers ; Memory Bits ; DSP Elements ; DSP 9x9 ; DSP 18x18 ; Pins ; Virtual Pins ; Full Hierarchy Name     ; Entity Name            ; Library Name ;
+----------------------------+---------------------+---------------------------+-------------+--------------+---------+-----------+------+--------------+-------------------------+------------------------+--------------+
; |QSPI_Buffer_Controller    ; 3394 (3394)         ; 4196 (4196)               ; 0           ; 0            ; 0       ; 0         ; 40   ; 0            ; |QSPI_Buffer_Controller ; QSPI_Buffer_Controller ; work         ;
+----------------------------+---------------------+---------------------------+-------------+--------------+---------+-----------+------+--------------+-------------------------+------------------------+--------------+
Note: For table entries with two numbers listed, the numbers in parentheses indicate the number of resources of the given type used by the specific entity alone. The numbers listed outside of parentheses indicate the total resources of the given type used by the specific entity and all of its sub-entities in the hierarchy.


Encoding Type:  One-Hot
+-----------------------------------------------------------------------------------------+
; State Machine - |QSPI_Buffer_Controller|S_State                                         ;
+-----------------------+-----------------------+-----------------------+-----------------+
; Name                  ; S_State.OutputBuffer2 ; S_State.OutputBuffer1 ; S_State.Waiting ;
+-----------------------+-----------------------+-----------------------+-----------------+
; S_State.Waiting       ; 0                     ; 0                     ; 0               ;
; S_State.OutputBuffer1 ; 0                     ; 1                     ; 1               ;
; S_State.OutputBuffer2 ; 1                     ; 0                     ; 1               ;
+-----------------------+-----------------------+-----------------------+-----------------+


+---------------------------------------------------------------------------------+
; Registers Removed During Synthesis                                              ;
+----------------------------------------+----------------------------------------+
; Register name                          ; Reason for Removal                     ;
+----------------------------------------+----------------------------------------+
; OutputBuffer1_Finished[1..9,11..31]    ; Merged with OutputBuffer1_Finished[10] ;
; OutputBuffer2_Finished[1..9,11..31]    ; Merged with OutputBuffer2_Finished[10] ;
; OutputBuffer2_Finished[10]             ; Stuck at GND due to stuck port data_in ;
; OutputBuffer1_Finished[10]             ; Stuck at GND due to stuck port data_in ;
; Total Number of Removed Registers = 62 ;                                        ;
+----------------------------------------+----------------------------------------+


+------------------------------------------------------+
; General Register Statistics                          ;
+----------------------------------------------+-------+
; Statistic                                    ; Value ;
+----------------------------------------------+-------+
; Total registers                              ; 4196  ;
; Number of registers using Synchronous Clear  ; 0     ;
; Number of registers using Synchronous Load   ; 0     ;
; Number of registers using Asynchronous Clear ; 0     ;
; Number of registers using Asynchronous Load  ; 0     ;
; Number of registers using Clock Enable       ; 4190  ;
; Number of registers using Preset             ; 0     ;
+----------------------------------------------+-------+


+--------------------------------------------------------------------------------------------------------------------------------------------------------+
; Multiplexer Restructuring Statistics (Restructuring Performed)                                                                                         ;
+--------------------+-----------+---------------+----------------------+------------------------+------------+------------------------------------------+
; Multiplexer Inputs ; Bus Width ; Baseline Area ; Area if Restructured ; Saving if Restructured ; Registered ; Example Multiplexer Output               ;
+--------------------+-----------+---------------+----------------------+------------------------+------------+------------------------------------------+
; 3:1                ; 20 bits   ; 40 LEs        ; 0 LEs                ; 40 LEs                 ; Yes        ; |QSPI_Buffer_Controller|EndVadd[5]       ;
; 515:1              ; 8 bits    ; 2744 LEs      ; 2736 LEs             ; 8 LEs                  ; Yes        ; |QSPI_Buffer_Controller|Data_Out[7]~reg0 ;
; 3:1                ; 5 bits    ; 10 LEs        ; 10 LEs               ; 0 LEs                  ; No         ; |QSPI_Buffer_Controller|Hadd_OUT         ;
; 3:1                ; 4 bits    ; 8 LEs         ; 8 LEs                ; 0 LEs                  ; No         ; |QSPI_Buffer_Controller|Vadd_OUT         ;
; 6:1                ; 3 bits    ; 12 LEs        ; 6 LEs                ; 6 LEs                  ; No         ; |QSPI_Buffer_Controller|S_State          ;
+--------------------+-----------+---------------+----------------------+------------------------+------------+------------------------------------------+


+-----------------------------------------------------+
; Post-Synthesis Netlist Statistics for Top Partition ;
+-----------------------+-----------------------------+
; Type                  ; Count                       ;
+-----------------------+-----------------------------+
; boundary_port         ; 40                          ;
; cycloneiii_ff         ; 4196                        ;
;     ENA               ; 4190                        ;
;     plain             ; 6                           ;
; cycloneiii_lcell_comb ; 3394                        ;
;     arith             ; 62                          ;
;         2 data inputs ; 62                          ;
;     normal            ; 3332                        ;
;         1 data inputs ; 2                           ;
;         2 data inputs ; 4                           ;
;         3 data inputs ; 11                          ;
;         4 data inputs ; 3315                        ;
;                       ;                             ;
; Max LUT depth         ; 12.00                       ;
; Average LUT depth     ; 7.84                        ;
+-----------------------+-----------------------------+


+-------------------------------+
; Elapsed Time Per Partition    ;
+----------------+--------------+
; Partition Name ; Elapsed Time ;
+----------------+--------------+
; Top            ; 00:00:10     ;
+----------------+--------------+


+-------------------------------+
; Analysis & Synthesis Messages ;
+-------------------------------+
Info: *******************************************************************
Info: Running Quartus Prime Analysis & Synthesis
    Info: Version 18.1.0 Build 625 09/12/2018 SJ Lite Edition
    Info: Processing started: Tue May 26 10:31:53 2020
Info: Command: quartus_map --read_settings_files=on --write_settings_files=off FinalYearProject -c FinalYearProject
Warning (18236): Number of processors has not been specified which may cause overloading on shared machines.  Set the global assignment NUM_PARALLEL_PROCESSORS in your QSF to an appropriate value for best performance.
Info (20030): Parallel compilation is enabled and will use 2 of the 2 processors detected
Info (12021): Found 1 design units, including 1 entities, in source file finalyearproject.bdf
    Info (12023): Found entity 1: FinalYearProject
Info (12021): Found 2 design units, including 1 entities, in source file vga_controller.vhd
    Info (12022): Found design unit 1: VGA_Controller-VGA_Controller_V1 File: C:/Users/ZackB/Documents/FinalYearProject/FPGA Display/FPGA Firmware/VGA_Controller.vhd Line: 40
    Info (12023): Found entity 1: VGA_Controller File: C:/Users/ZackB/Documents/FinalYearProject/FPGA Display/FPGA Firmware/VGA_Controller.vhd Line: 5
Info (12021): Found 2 design units, including 1 entities, in source file live_buffer.vhd
    Info (12022): Found design unit 1: Live_Buffer-Live_Buffer_V1 File: C:/Users/ZackB/Documents/FinalYearProject/FPGA Display/FPGA Firmware/Live_Buffer.vhd Line: 30
    Info (12023): Found entity 1: Live_Buffer File: C:/Users/ZackB/Documents/FinalYearProject/FPGA Display/FPGA Firmware/Live_Buffer.vhd Line: 5
Info (12021): Found 2 design units, including 1 entities, in source file qspi_slave_controller.vhd
    Info (12022): Found design unit 1: QSPI_Slave_Controller-QSPI_Slave_Controller_V3 File: C:/Users/ZackB/Documents/FinalYearProject/FPGA Display/FPGA Firmware/QSPI_Slave_Controller.vhd Line: 22
    Info (12023): Found entity 1: QSPI_Slave_Controller File: C:/Users/ZackB/Documents/FinalYearProject/FPGA Display/FPGA Firmware/QSPI_Slave_Controller.vhd Line: 5
Info (12021): Found 1 design units, including 1 entities, in source file qspi_slave.bdf
    Info (12023): Found entity 1: QSPI_Slave
Info (12021): Found 2 design units, including 1 entities, in source file back_buffer.vhd
    Info (12022): Found design unit 1: Back_Buffer-Back_Buffer_V1 File: C:/Users/ZackB/Documents/FinalYearProject/FPGA Display/FPGA Firmware/Back_Buffer.vhd Line: 31
    Info (12023): Found entity 1: Back_Buffer File: C:/Users/ZackB/Documents/FinalYearProject/FPGA Display/FPGA Firmware/Back_Buffer.vhd Line: 5
Info (12021): Found 1 design units, including 1 entities, in source file pll.v
    Info (12023): Found entity 1: PLL File: C:/Users/ZackB/Documents/FinalYearProject/FPGA Display/FPGA Firmware/PLL.v Line: 39
Info (12021): Found 2 design units, including 1 entities, in source file qspi_buffer_controller.vhd
    Info (12022): Found design unit 1: QSPI_Buffer_Controller-QSPI_Buffer_Controller_VTest16 File: C:/Users/ZackB/Documents/FinalYearProject/FPGA Display/FPGA Firmware/QSPI_Buffer_Controller.vhd Line: 23
    Info (12023): Found entity 1: QSPI_Buffer_Controller File: C:/Users/ZackB/Documents/FinalYearProject/FPGA Display/FPGA Firmware/QSPI_Buffer_Controller.vhd Line: 5
Info (12127): Elaborating entity "QSPI_Buffer_Controller" for the top level hierarchy
Info (10008): Verilog HDL or VHDL information: EDA Netlist Writer cannot regroup multidimensional array "matrix1" into its bus
Info (10008): Verilog HDL or VHDL information: EDA Netlist Writer cannot regroup multidimensional array "matrix2" into its bus
Info (286030): Timing-Driven Synthesis is running
Info (16010): Generating hard_block partition "hard_block:auto_generated_inst"
    Info (16011): Adding 0 node(s), including 0 DDIO, 0 PLL, 0 transceiver and 0 LCELL
Info (21057): Implemented 7552 device resources after synthesis - the final resource count might be different
    Info (21058): Implemented 31 input pins
    Info (21059): Implemented 9 output pins
    Info (21061): Implemented 7512 logic cells
Info: Quartus Prime Analysis & Synthesis was successful. 0 errors, 1 warning
    Info: Peak virtual memory: 4831 megabytes
    Info: Processing ended: Tue May 26 10:32:20 2020
    Info: Elapsed time: 00:00:27
    Info: Total CPU time (on all processors): 00:00:44


